

================================================================
== Synthesis Summary Report of 'kernel_3D_hw'
================================================================
+ General Information: 
    * Date:           Mon Nov 28 02:33:35 2022
    * Version:        2020.2.2 (Build 3118627 on Tue Feb  9 05:13:49 MST 2021)
    * Project:        hotspot3D.prj
    * Solution:       solution1 (Vivado IP Flow Target)
    * Product family: virtexuplus
    * Target device:  xcu50-fsvh2104-2-e
    

+ Performance & Resource Estimates: 
    
    PS: '+' for module; 'o' for loop; '*' for dataflow
    +---------------------------------------+------+-------+------------+-----------+----------+------------+-------+----------+----------+----------+------------+------------+-----------+
    |                Modules                | Issue|       |  Latency   |  Latency  | Iteration|            |  Trip |          |          |          |            |            |           |
    |                & Loops                | Type | Slack |  (cycles)  |    (ns)   |  Latency |  Interval  | Count | Pipelined|   BRAM   |    DSP   |     FF     |     LUT    |    URAM   |
    +---------------------------------------+------+-------+------------+-----------+----------+------------+-------+----------+----------+----------+------------+------------+-----------+
    |+ kernel_3D_hw                         |     -|  -0.00|  3513615061|  1.170e+10|         -|  3513615062|      -|        no|  234 (8%)|  547 (9%)|  83567 (4%)|  52215 (5%)|  160 (25%)|
    | + grp_workload_fu_245                 |     -|  -0.09|       17443|  5.809e+04|         -|       17443|      -|        no|   30 (1%)|  528 (8%)|  74428 (4%)|  38911 (4%)|          -|
    |  o fifo_fill                          |     -|  -2.43|         254|    845.820|         2|           1|    254|       yes|         -|         -|           -|           -|          -|
    |  o VITIS_LOOP_130_1_VITIS_LOOP_131_2  |     -|  -2.43|       16929|  5.637e+04|        35|           1|  16896|       yes|         -|         -|           -|           -|          -|
    |  o fifo_flush                         |     -|  -2.43|         254|    845.820|         2|           1|    254|       yes|         -|         -|           -|           -|          -|
    | + grp_load0_fu_261                    |     -|  -0.00|       17689|  5.890e+04|         -|       17689|      -|        no|         -|         -|   680 (~0%)|   379 (~0%)|          -|
    |  o load_y                             |     -|  -2.43|       17688|  5.890e+04|       268|           -|     66|        no|         -|         -|           -|           -|          -|
    |   o load_x                            |     -|  -2.43|         257|    855.810|         3|           1|    256|       yes|         -|         -|           -|           -|          -|
    | + grp_load1_fu_273                    |     -|  -0.00|       17689|  5.890e+04|         -|       17689|      -|        no|         -|         -|   680 (~0%)|   379 (~0%)|          -|
    |  o load_y                             |     -|  -2.43|       17688|  5.890e+04|       268|           -|     66|        no|         -|         -|           -|           -|          -|
    |   o load_x                            |     -|  -2.43|         257|    855.810|         3|           1|    256|       yes|         -|         -|           -|           -|          -|
    | + grp_store_fu_284                    |     -|  -0.00|       16394|  5.459e+04|         -|       16394|      -|        no|         -|         -|   663 (~0%)|   314 (~0%)|          -|
    |  o store_y_store_x                    |     -|  -2.43|       16392|  5.459e+04|        10|           1|  16384|       yes|         -|         -|           -|           -|          -|
    | o main_i0                             |     -|  -2.43|  3513615000|  1.170e+10|    702723|           -|   5000|        no|         -|         -|           -|           -|          -|
    |  o main_j0                            |     -|  -2.43|      351360|  1.170e+06|     35136|           -|     10|        no|         -|         -|           -|           -|          -|
    |  o main_j1                            |     -|  -2.43|      351360|  1.170e+06|     35136|           -|     10|        no|         -|         -|           -|           -|          -|
    +---------------------------------------+------+-------+------------+-----------+----------+------------+-------+----------+----------+----------+------------+------------+-----------+

