

================================================================
== Vitis HLS Report for 'kernel_3D_hw'
================================================================
* Date:           Mon Nov 28 16:22:58 2022

* Version:        2020.2.2 (Build 3118627 on Tue Feb  9 05:13:49 MST 2021)
* Project:        hotspot3D.prj
* Solution:       solution1 (Vivado IP Flow Target)
* Product family: virtexuplus
* Target device:  xcu50-fsvh2104-2-e


================================================================
== Performance Estimates
================================================================
+ Timing: 
    * Summary: 
    +--------+---------+----------+------------+
    |  Clock |  Target | Estimated| Uncertainty|
    +--------+---------+----------+------------+
    |ap_clk  |  3.33 ns|  2.431 ns|     0.90 ns|
    +--------+---------+----------+------------+

+ Latency: 
    * Summary: 
    +------------+------------+------------+------------+------------+------------+---------+
    |     Latency (cycles)    |    Latency (absolute)   |         Interval        | Pipeline|
    |     min    |     max    |     min    |     max    |     min    |     max    |   Type  |
    +------------+------------+------------+------------+------------+------------+---------+
    |  3538230061|  3538230061|  11.782 sec|  11.782 sec|  3538230062|  3538230062|     none|
    +------------+------------+------------+------------+------------+------------+---------+

    + Detail: 
        * Instance: 
        +---------------------+----------+---------+---------+-----------+-----------+-------+-------+---------+
        |                     |          |  Latency (cycles) |   Latency (absolute)  |    Interval   | Pipeline|
        |       Instance      |  Module  |   min   |   max   |    min    |    max    |  min  |  max  |   Type  |
        +---------------------+----------+---------+---------+-----------+-----------+-------+-------+---------+
        |grp_workload_fu_245  |workload  |    17443|    17443|  58.085 us|  58.085 us|  17443|  17443|     none|
        |grp_load0_fu_258     |load0     |    17689|    17689|  58.904 us|  58.904 us|  17689|  17689|     none|
        |grp_load1_fu_270     |load1     |    17689|    17689|  58.904 us|  58.904 us|  17689|  17689|     none|
        |grp_store_fu_281     |store     |    16394|    16394|  54.592 us|  54.592 us|  16394|  16394|     none|
        +---------------------+----------+---------+---------+-----------+-----------+-------+-------+---------+

        * Loop: 
        +------------+------------+------------+----------+-----------+-----------+-------+----------+
        |            |     Latency (cycles)    | Iteration|  Initiation Interval  |  Trip |          |
        |  Loop Name |     min    |     max    |  Latency |  achieved |   target  | Count | Pipelined|
        +------------+------------+------------+----------+-----------+-----------+-------+----------+
        |- main_i0   |  3538230000|  3538230000|    353823|          -|          -|  10000|        no|
        | + main_j0  |      176910|      176910|     17691|          -|          -|     10|        no|
        | + main_j1  |      176910|      176910|     17691|          -|          -|     10|        no|
        +------------+------------+------------+----------+-----------+-----------+-------+----------+



================================================================
== Utilization Estimates
================================================================
* Summary: 
+---------------------+---------+------+---------+--------+-----+
|         Name        | BRAM_18K|  DSP |    FF   |   LUT  | URAM|
+---------------------+---------+------+---------+--------+-----+
|DSP                  |        -|     -|        -|       -|    -|
|Expression           |        -|     -|        0|     103|    -|
|FIFO                 |        -|     -|        -|       -|    -|
|Instance             |      120|   547|    83417|   46621|    -|
|Memory               |      228|     -|       12|    4664|  160|
|Multiplexer          |        -|     -|        -|    1059|    -|
|Register             |        -|     -|      956|       -|    -|
+---------------------+---------+------+---------+--------+-----+
|Total                |      348|   547|    84385|   52447|  160|
+---------------------+---------+------+---------+--------+-----+
|Available SLR        |     1344|  2976|   871680|  435840|  320|
+---------------------+---------+------+---------+--------+-----+
|Utilization SLR (%)  |       25|    18|        9|      12|   50|
+---------------------+---------+------+---------+--------+-----+
|Available            |     2688|  5952|  1743360|  871680|  640|
+---------------------+---------+------+---------+--------+-----+
|Utilization (%)      |       12|     9|        4|       6|   25|
+---------------------+---------+------+---------+--------+-----+

+ Detail: 
    * Instance: 
    +-----------------------------------------+------------------------------------+---------+-----+-------+-------+-----+
    |                 Instance                |               Module               | BRAM_18K| DSP |   FF  |  LUT  | URAM|
    +-----------------------------------------+------------------------------------+---------+-----+-------+-------+-----+
    |control_s_axi_U                          |control_s_axi                       |        0|    0|    436|    744|    0|
    |dadddsub_64ns_64ns_64_8_full_dsp_1_U255  |dadddsub_64ns_64ns_64_8_full_dsp_1  |        0|    3|    685|    635|    0|
    |dmul_64ns_64ns_64_8_max_dsp_1_U256       |dmul_64ns_64ns_64_8_max_dsp_1       |        0|    8|    388|    127|    0|
    |dmul_64ns_64ns_64_8_max_dsp_1_U257       |dmul_64ns_64ns_64_8_max_dsp_1       |        0|    8|    388|    127|    0|
    |fdiv_32ns_32ns_32_12_no_dsp_1_U250       |fdiv_32ns_32ns_32_12_no_dsp_1       |        0|    0|      0|      0|    0|
    |fdiv_32ns_32ns_32_12_no_dsp_1_U251       |fdiv_32ns_32ns_32_12_no_dsp_1       |        0|    0|      0|      0|    0|
    |fpext_32ns_64_2_no_dsp_1_U253            |fpext_32ns_64_2_no_dsp_1            |        0|    0|      0|      0|    0|
    |fpext_32ns_64_2_no_dsp_1_U254            |fpext_32ns_64_2_no_dsp_1            |        0|    0|      0|      0|    0|
    |fptrunc_64ns_32_2_no_dsp_1_U252          |fptrunc_64ns_32_2_no_dsp_1          |        0|    0|      0|      0|    0|
    |gmem0_m_axi_U                            |gmem0_m_axi                         |       30|    0|   1415|   1585|    0|
    |gmem1_m_axi_U                            |gmem1_m_axi                         |       30|    0|   1415|   1585|    0|
    |gmem2_m_axi_U                            |gmem2_m_axi                         |       30|    0|   1415|   1585|    0|
    |grp_load0_fu_258                         |load0                               |        0|    0|    680|    379|    0|
    |grp_load1_fu_270                         |load1                               |        0|    0|    680|    379|    0|
    |grp_store_fu_281                         |store                               |        0|    0|    655|    299|    0|
    |grp_workload_fu_245                      |workload                            |       30|  528|  75260|  39176|    0|
    +-----------------------------------------+------------------------------------+---------+-----+-------+-------+-----+
    |Total                                    |                                    |      120|  547|  83417|  46621|    0|
    +-----------------------------------------+------------------------------------+---------+-----+-------+-------+-----+

    * DSP: 
    N/A

    * Memory: 
    +------------------+----------------+---------+---+------+-----+-------+-----+------+-------------+
    |      Memory      |     Module     | BRAM_18K| FF|  LUT | URAM| Words | Bits| Banks| W*Bits*Banks|
    +------------------+----------------+---------+---+------+-----+-------+-----+------+-------------+
    |local_tin_0_V_U   |local_tin_0_V   |        0|  3|  1160|   40|  16896|  512|     1|      8650752|
    |local_pin_0_V_U   |local_tin_0_V   |        0|  3|  1160|   40|  16896|  512|     1|      8650752|
    |local_tin_1_V_U   |local_tin_0_V   |        0|  3|  1160|   40|  16896|  512|     1|      8650752|
    |local_pin_1_V_U   |local_tin_0_V   |        0|  3|  1160|   40|  16896|  512|     1|      8650752|
    |local_tout_0_V_U  |local_tout_0_V  |      114|  0|    12|    0|  16384|  512|     1|      8388608|
    |local_tout_1_V_U  |local_tout_0_V  |      114|  0|    12|    0|  16384|  512|     1|      8388608|
    +------------------+----------------+---------+---+------+-----+-------+-----+------+-------------+
    |Total             |                |      228| 12|  4664|  160| 100352| 3072|     6|     51380224|
    +------------------+----------------+---------+---+------+-----+-------+-----+------+-------------+

    * FIFO: 
    N/A

    * Expression: 
    +----------------------------------+----------+----+---+----+------------+------------+
    |           Variable Name          | Operation| DSP| FF| LUT| Bitwidth P0| Bitwidth P1|
    +----------------------------------+----------+----+---+----+------------+------------+
    |grp_fu_324_p2                     |         +|   0|  0|  12|           4|           3|
    |grp_fu_331_p2                     |         +|   0|  0|  12|           4|           3|
    |i_1_fu_366_p2                     |         +|   0|  0|  21|          14|           1|
    |j_2_fu_378_p2                     |         +|   0|  0|  12|           4|           1|
    |j_3_fu_394_p2                     |         +|   0|  0|  12|           4|           1|
    |icmp_ln39_fu_372_p2               |      icmp|   0|  0|  12|          14|          14|
    |icmp_ln40_fu_388_p2               |      icmp|   0|  0|   9|           4|           4|
    |icmp_ln56_fu_404_p2               |      icmp|   0|  0|   9|           4|           4|
    |ap_block_state64_on_subcall_done  |        or|   0|  0|   2|           1|           1|
    |ap_block_state66_on_subcall_done  |        or|   0|  0|   2|           1|           1|
    +----------------------------------+----------+----+---+----+------------+------------+
    |Total                             |          |   0|  0| 103|          54|          33|
    +----------------------------------+----------+----+---+----+------------+------------+

    * Multiplexer: 
    +--------------------------------------+-----+-----------+-----+-----------+
    |                 Name                 | LUT | Input Size| Bits| Total Bits|
    +--------------------------------------+-----+-----------+-----+-----------+
    |ap_NS_fsm                             |  292|         67|    1|         67|
    |gmem0_ARVALID                         |    9|          2|    1|          2|
    |gmem0_RREADY                          |    9|          2|    1|          2|
    |gmem1_ARVALID                         |    9|          2|    1|          2|
    |gmem1_AWVALID                         |    9|          2|    1|          2|
    |gmem1_BREADY                          |    9|          2|    1|          2|
    |gmem1_RREADY                          |    9|          2|    1|          2|
    |gmem1_WVALID                          |    9|          2|    1|          2|
    |gmem2_ARVALID                         |    9|          2|    1|          2|
    |gmem2_AWVALID                         |    9|          2|    1|          2|
    |gmem2_BREADY                          |    9|          2|    1|          2|
    |gmem2_RREADY                          |    9|          2|    1|          2|
    |gmem2_WVALID                          |    9|          2|    1|          2|
    |grp_fu_291_p0                         |   14|          3|   32|         96|
    |grp_fu_291_p1                         |   20|          4|   32|        128|
    |grp_fu_302_p0                         |   14|          3|   32|         96|
    |grp_fu_308_opcode                     |   14|          3|    2|          6|
    |grp_fu_308_p0                         |   20|          4|   64|        256|
    |grp_fu_308_p1                         |   20|          4|   64|        256|
    |grp_fu_313_p1                         |   14|          3|   64|        192|
    |grp_load0_fu_258_m_axi_gmem1_ARREADY  |   14|          3|    1|          3|
    |grp_load0_fu_258_m_axi_gmem1_RDATA    |   14|          3|  512|       1536|
    |grp_load0_fu_258_m_axi_gmem1_RID      |   14|          3|    1|          3|
    |grp_load0_fu_258_m_axi_gmem1_RLAST    |   14|          3|    1|          3|
    |grp_load0_fu_258_m_axi_gmem1_RRESP    |   14|          3|    2|          6|
    |grp_load0_fu_258_m_axi_gmem1_RUSER    |   14|          3|    1|          3|
    |grp_load0_fu_258_m_axi_gmem1_RVALID   |   14|          3|    1|          3|
    |grp_load0_fu_258_row                  |   14|          3|    4|         12|
    |grp_load0_fu_258_src                  |   14|          3|   64|        192|
    |grp_load1_fu_270_row                  |   14|          3|    4|         12|
    |grp_store_fu_281_dst                  |   14|          3|   64|        192|
    |grp_store_fu_281_m_axi_gmem2_AWREADY  |   14|          3|    1|          3|
    |grp_store_fu_281_m_axi_gmem2_BID      |   14|          3|    1|          3|
    |grp_store_fu_281_m_axi_gmem2_BRESP    |   14|          3|    2|          6|
    |grp_store_fu_281_m_axi_gmem2_BUSER    |   14|          3|    1|          3|
    |grp_store_fu_281_m_axi_gmem2_BVALID   |   14|          3|    1|          3|
    |grp_store_fu_281_m_axi_gmem2_WREADY   |   14|          3|    1|          3|
    |grp_store_fu_281_row                  |   14|          3|    4|         12|
    |grp_store_fu_281_src_q0               |   14|          3|  512|       1536|
    |grp_workload_fu_245_powerIn_q0        |   14|          3|  512|       1536|
    |grp_workload_fu_245_tempIn_q0         |   14|          3|  512|       1536|
    |i_reg_210                             |    9|          2|   14|         28|
    |j_1_reg_233                           |    9|          2|    4|          8|
    |j_reg_221                             |    9|          2|    4|          8|
    |local_pin_0_V_address0                |   14|          3|   15|         45|
    |local_pin_0_V_ce0                     |   14|          3|    1|          3|
    |local_pin_0_V_we0                     |    9|          2|    1|          2|
    |local_pin_1_V_address0                |   14|          3|   15|         45|
    |local_pin_1_V_ce0                     |   14|          3|    1|          3|
    |local_pin_1_V_we0                     |    9|          2|    1|          2|
    |local_tin_0_V_address0                |   14|          3|   15|         45|
    |local_tin_0_V_ce0                     |   14|          3|    1|          3|
    |local_tin_0_V_we0                     |    9|          2|    1|          2|
    |local_tin_1_V_address0                |   14|          3|   15|         45|
    |local_tin_1_V_ce0                     |   14|          3|    1|          3|
    |local_tin_1_V_we0                     |    9|          2|    1|          2|
    |local_tout_0_V_address0               |   14|          3|   14|         42|
    |local_tout_0_V_ce0                    |   14|          3|    1|          3|
    |local_tout_0_V_we0                    |    9|          2|    1|          2|
    |local_tout_1_V_address0               |   14|          3|   14|         42|
    |local_tout_1_V_ce0                    |   14|          3|    1|          3|
    |local_tout_1_V_we0                    |    9|          2|    1|          2|
    +--------------------------------------+-----+-----------+-----+-----------+
    |Total                                 | 1059|        232| 2627|       8065|
    +--------------------------------------+-----+-----------+-----+-----------+

    * Register: 
    +----------------------------------+----+----+-----+-----------+
    |               Name               | FF | LUT| Bits| Const Bits|
    +----------------------------------+----+----+-----+-----------+
    |Cap_read_reg_430                  |  32|   0|   32|          0|
    |Rx_read_reg_425                   |  32|   0|   32|          0|
    |Ry_read_reg_420                   |  32|   0|   32|          0|
    |Rz_read_reg_415                   |  32|   0|   32|          0|
    |ap_CS_fsm                         |  66|   0|   66|          0|
    |cc_reg_492                        |  32|   0|   32|          0|
    |ce_reg_459                        |  32|   0|   32|          0|
    |cn_reg_465                        |  32|   0|   32|          0|
    |conv4_reg_471                     |  64|   0|   64|          0|
    |ct_reg_476                        |  32|   0|   32|          0|
    |dt_read_reg_410                   |  32|   0|   32|          0|
    |grp_load0_fu_258_ap_start_reg     |   1|   0|    1|          0|
    |grp_load1_fu_270_ap_start_reg     |   1|   0|    1|          0|
    |grp_store_fu_281_ap_start_reg     |   1|   0|    1|          0|
    |grp_workload_fu_245_ap_start_reg  |   1|   0|    1|          0|
    |i_1_reg_497                       |  14|   0|   14|          0|
    |i_reg_210                         |  14|   0|   14|          0|
    |j_1_reg_233                       |   4|   0|    4|          0|
    |j_2_reg_505                       |   4|   0|    4|          0|
    |j_3_reg_517                       |   4|   0|    4|          0|
    |j_reg_221                         |   4|   0|    4|          0|
    |mul5_reg_482                      |  64|   0|   64|          0|
    |powerIn_read_reg_447              |  64|   0|   64|          0|
    |reg_338                           |  64|   0|   64|          0|
    |reg_343                           |  64|   0|   64|          0|
    |reg_349                           |  64|   0|   64|          0|
    |reg_356                           |   4|   0|    4|          0|
    |reg_361                           |   4|   0|    4|          0|
    |stepDivCap_reg_452                |  32|   0|   32|          0|
    |tempIn_read_reg_441               |  64|   0|   64|          0|
    |tempOut_read_reg_435              |  64|   0|   64|          0|
    |trunc_ln40_reg_510                |   1|   0|    1|          0|
    |trunc_ln56_reg_522                |   1|   0|    1|          0|
    +----------------------------------+----+----+-----+-----------+
    |Total                             | 956|   0|  956|          0|
    +----------------------------------+----+----+-----+-----------+



================================================================
== Interface
================================================================
* Summary: 
+-----------------------+-----+-----+------------+--------------+--------------+
|       RTL Ports       | Dir | Bits|  Protocol  | Source Object|    C Type    |
+-----------------------+-----+-----+------------+--------------+--------------+
|s_axi_control_AWVALID  |   in|    1|       s_axi|       control|        scalar|
|s_axi_control_AWREADY  |  out|    1|       s_axi|       control|        scalar|
|s_axi_control_AWADDR   |   in|    7|       s_axi|       control|        scalar|
|s_axi_control_WVALID   |   in|    1|       s_axi|       control|        scalar|
|s_axi_control_WREADY   |  out|    1|       s_axi|       control|        scalar|
|s_axi_control_WDATA    |   in|   32|       s_axi|       control|        scalar|
|s_axi_control_WSTRB    |   in|    4|       s_axi|       control|        scalar|
|s_axi_control_ARVALID  |   in|    1|       s_axi|       control|        scalar|
|s_axi_control_ARREADY  |  out|    1|       s_axi|       control|        scalar|
|s_axi_control_ARADDR   |   in|    7|       s_axi|       control|        scalar|
|s_axi_control_RVALID   |  out|    1|       s_axi|       control|        scalar|
|s_axi_control_RREADY   |   in|    1|       s_axi|       control|        scalar|
|s_axi_control_RDATA    |  out|   32|       s_axi|       control|        scalar|
|s_axi_control_RRESP    |  out|    2|       s_axi|       control|        scalar|
|s_axi_control_BVALID   |  out|    1|       s_axi|       control|        scalar|
|s_axi_control_BREADY   |   in|    1|       s_axi|       control|        scalar|
|s_axi_control_BRESP    |  out|    2|       s_axi|       control|        scalar|
|ap_clk                 |   in|    1|  ap_ctrl_hs|  kernel_3D_hw|  return value|
|ap_rst_n               |   in|    1|  ap_ctrl_hs|  kernel_3D_hw|  return value|
|interrupt              |  out|    1|  ap_ctrl_hs|  kernel_3D_hw|  return value|
|m_axi_gmem0_AWVALID    |  out|    1|       m_axi|         gmem0|       pointer|
|m_axi_gmem0_AWREADY    |   in|    1|       m_axi|         gmem0|       pointer|
|m_axi_gmem0_AWADDR     |  out|   64|       m_axi|         gmem0|       pointer|
|m_axi_gmem0_AWID       |  out|    1|       m_axi|         gmem0|       pointer|
|m_axi_gmem0_AWLEN      |  out|    8|       m_axi|         gmem0|       pointer|
|m_axi_gmem0_AWSIZE     |  out|    3|       m_axi|         gmem0|       pointer|
|m_axi_gmem0_AWBURST    |  out|    2|       m_axi|         gmem0|       pointer|
|m_axi_gmem0_AWLOCK     |  out|    2|       m_axi|         gmem0|       pointer|
|m_axi_gmem0_AWCACHE    |  out|    4|       m_axi|         gmem0|       pointer|
|m_axi_gmem0_AWPROT     |  out|    3|       m_axi|         gmem0|       pointer|
|m_axi_gmem0_AWQOS      |  out|    4|       m_axi|         gmem0|       pointer|
|m_axi_gmem0_AWREGION   |  out|    4|       m_axi|         gmem0|       pointer|
|m_axi_gmem0_AWUSER     |  out|    1|       m_axi|         gmem0|       pointer|
|m_axi_gmem0_WVALID     |  out|    1|       m_axi|         gmem0|       pointer|
|m_axi_gmem0_WREADY     |   in|    1|       m_axi|         gmem0|       pointer|
|m_axi_gmem0_WDATA      |  out|  512|       m_axi|         gmem0|       pointer|
|m_axi_gmem0_WSTRB      |  out|   64|       m_axi|         gmem0|       pointer|
|m_axi_gmem0_WLAST      |  out|    1|       m_axi|         gmem0|       pointer|
|m_axi_gmem0_WID        |  out|    1|       m_axi|         gmem0|       pointer|
|m_axi_gmem0_WUSER      |  out|    1|       m_axi|         gmem0|       pointer|
|m_axi_gmem0_ARVALID    |  out|    1|       m_axi|         gmem0|       pointer|
|m_axi_gmem0_ARREADY    |   in|    1|       m_axi|         gmem0|       pointer|
|m_axi_gmem0_ARADDR     |  out|   64|       m_axi|         gmem0|       pointer|
|m_axi_gmem0_ARID       |  out|    1|       m_axi|         gmem0|       pointer|
|m_axi_gmem0_ARLEN      |  out|    8|       m_axi|         gmem0|       pointer|
|m_axi_gmem0_ARSIZE     |  out|    3|       m_axi|         gmem0|       pointer|
|m_axi_gmem0_ARBURST    |  out|    2|       m_axi|         gmem0|       pointer|
|m_axi_gmem0_ARLOCK     |  out|    2|       m_axi|         gmem0|       pointer|
|m_axi_gmem0_ARCACHE    |  out|    4|       m_axi|         gmem0|       pointer|
|m_axi_gmem0_ARPROT     |  out|    3|       m_axi|         gmem0|       pointer|
|m_axi_gmem0_ARQOS      |  out|    4|       m_axi|         gmem0|       pointer|
|m_axi_gmem0_ARREGION   |  out|    4|       m_axi|         gmem0|       pointer|
|m_axi_gmem0_ARUSER     |  out|    1|       m_axi|         gmem0|       pointer|
|m_axi_gmem0_RVALID     |   in|    1|       m_axi|         gmem0|       pointer|
|m_axi_gmem0_RREADY     |  out|    1|       m_axi|         gmem0|       pointer|
|m_axi_gmem0_RDATA      |   in|  512|       m_axi|         gmem0|       pointer|
|m_axi_gmem0_RLAST      |   in|    1|       m_axi|         gmem0|       pointer|
|m_axi_gmem0_RID        |   in|    1|       m_axi|         gmem0|       pointer|
|m_axi_gmem0_RUSER      |   in|    1|       m_axi|         gmem0|       pointer|
|m_axi_gmem0_RRESP      |   in|    2|       m_axi|         gmem0|       pointer|
|m_axi_gmem0_BVALID     |   in|    1|       m_axi|         gmem0|       pointer|
|m_axi_gmem0_BREADY     |  out|    1|       m_axi|         gmem0|       pointer|
|m_axi_gmem0_BRESP      |   in|    2|       m_axi|         gmem0|       pointer|
|m_axi_gmem0_BID        |   in|    1|       m_axi|         gmem0|       pointer|
|m_axi_gmem0_BUSER      |   in|    1|       m_axi|         gmem0|       pointer|
|m_axi_gmem1_AWVALID    |  out|    1|       m_axi|         gmem1|       pointer|
|m_axi_gmem1_AWREADY    |   in|    1|       m_axi|         gmem1|       pointer|
|m_axi_gmem1_AWADDR     |  out|   64|       m_axi|         gmem1|       pointer|
|m_axi_gmem1_AWID       |  out|    1|       m_axi|         gmem1|       pointer|
|m_axi_gmem1_AWLEN      |  out|    8|       m_axi|         gmem1|       pointer|
|m_axi_gmem1_AWSIZE     |  out|    3|       m_axi|         gmem1|       pointer|
|m_axi_gmem1_AWBURST    |  out|    2|       m_axi|         gmem1|       pointer|
|m_axi_gmem1_AWLOCK     |  out|    2|       m_axi|         gmem1|       pointer|
|m_axi_gmem1_AWCACHE    |  out|    4|       m_axi|         gmem1|       pointer|
|m_axi_gmem1_AWPROT     |  out|    3|       m_axi|         gmem1|       pointer|
|m_axi_gmem1_AWQOS      |  out|    4|       m_axi|         gmem1|       pointer|
|m_axi_gmem1_AWREGION   |  out|    4|       m_axi|         gmem1|       pointer|
|m_axi_gmem1_AWUSER     |  out|    1|       m_axi|         gmem1|       pointer|
|m_axi_gmem1_WVALID     |  out|    1|       m_axi|         gmem1|       pointer|
|m_axi_gmem1_WREADY     |   in|    1|       m_axi|         gmem1|       pointer|
|m_axi_gmem1_WDATA      |  out|  512|       m_axi|         gmem1|       pointer|
|m_axi_gmem1_WSTRB      |  out|   64|       m_axi|         gmem1|       pointer|
|m_axi_gmem1_WLAST      |  out|    1|       m_axi|         gmem1|       pointer|
|m_axi_gmem1_WID        |  out|    1|       m_axi|         gmem1|       pointer|
|m_axi_gmem1_WUSER      |  out|    1|       m_axi|         gmem1|       pointer|
|m_axi_gmem1_ARVALID    |  out|    1|       m_axi|         gmem1|       pointer|
|m_axi_gmem1_ARREADY    |   in|    1|       m_axi|         gmem1|       pointer|
|m_axi_gmem1_ARADDR     |  out|   64|       m_axi|         gmem1|       pointer|
|m_axi_gmem1_ARID       |  out|    1|       m_axi|         gmem1|       pointer|
|m_axi_gmem1_ARLEN      |  out|    8|       m_axi|         gmem1|       pointer|
|m_axi_gmem1_ARSIZE     |  out|    3|       m_axi|         gmem1|       pointer|
|m_axi_gmem1_ARBURST    |  out|    2|       m_axi|         gmem1|       pointer|
|m_axi_gmem1_ARLOCK     |  out|    2|       m_axi|         gmem1|       pointer|
|m_axi_gmem1_ARCACHE    |  out|    4|       m_axi|         gmem1|       pointer|
|m_axi_gmem1_ARPROT     |  out|    3|       m_axi|         gmem1|       pointer|
|m_axi_gmem1_ARQOS      |  out|    4|       m_axi|         gmem1|       pointer|
|m_axi_gmem1_ARREGION   |  out|    4|       m_axi|         gmem1|       pointer|
|m_axi_gmem1_ARUSER     |  out|    1|       m_axi|         gmem1|       pointer|
|m_axi_gmem1_RVALID     |   in|    1|       m_axi|         gmem1|       pointer|
|m_axi_gmem1_RREADY     |  out|    1|       m_axi|         gmem1|       pointer|
|m_axi_gmem1_RDATA      |   in|  512|       m_axi|         gmem1|       pointer|
|m_axi_gmem1_RLAST      |   in|    1|       m_axi|         gmem1|       pointer|
|m_axi_gmem1_RID        |   in|    1|       m_axi|         gmem1|       pointer|
|m_axi_gmem1_RUSER      |   in|    1|       m_axi|         gmem1|       pointer|
|m_axi_gmem1_RRESP      |   in|    2|       m_axi|         gmem1|       pointer|
|m_axi_gmem1_BVALID     |   in|    1|       m_axi|         gmem1|       pointer|
|m_axi_gmem1_BREADY     |  out|    1|       m_axi|         gmem1|       pointer|
|m_axi_gmem1_BRESP      |   in|    2|       m_axi|         gmem1|       pointer|
|m_axi_gmem1_BID        |   in|    1|       m_axi|         gmem1|       pointer|
|m_axi_gmem1_BUSER      |   in|    1|       m_axi|         gmem1|       pointer|
|m_axi_gmem2_AWVALID    |  out|    1|       m_axi|         gmem2|       pointer|
|m_axi_gmem2_AWREADY    |   in|    1|       m_axi|         gmem2|       pointer|
|m_axi_gmem2_AWADDR     |  out|   64|       m_axi|         gmem2|       pointer|
|m_axi_gmem2_AWID       |  out|    1|       m_axi|         gmem2|       pointer|
|m_axi_gmem2_AWLEN      |  out|    8|       m_axi|         gmem2|       pointer|
|m_axi_gmem2_AWSIZE     |  out|    3|       m_axi|         gmem2|       pointer|
|m_axi_gmem2_AWBURST    |  out|    2|       m_axi|         gmem2|       pointer|
|m_axi_gmem2_AWLOCK     |  out|    2|       m_axi|         gmem2|       pointer|
|m_axi_gmem2_AWCACHE    |  out|    4|       m_axi|         gmem2|       pointer|
|m_axi_gmem2_AWPROT     |  out|    3|       m_axi|         gmem2|       pointer|
|m_axi_gmem2_AWQOS      |  out|    4|       m_axi|         gmem2|       pointer|
|m_axi_gmem2_AWREGION   |  out|    4|       m_axi|         gmem2|       pointer|
|m_axi_gmem2_AWUSER     |  out|    1|       m_axi|         gmem2|       pointer|
|m_axi_gmem2_WVALID     |  out|    1|       m_axi|         gmem2|       pointer|
|m_axi_gmem2_WREADY     |   in|    1|       m_axi|         gmem2|       pointer|
|m_axi_gmem2_WDATA      |  out|  512|       m_axi|         gmem2|       pointer|
|m_axi_gmem2_WSTRB      |  out|   64|       m_axi|         gmem2|       pointer|
|m_axi_gmem2_WLAST      |  out|    1|       m_axi|         gmem2|       pointer|
|m_axi_gmem2_WID        |  out|    1|       m_axi|         gmem2|       pointer|
|m_axi_gmem2_WUSER      |  out|    1|       m_axi|         gmem2|       pointer|
|m_axi_gmem2_ARVALID    |  out|    1|       m_axi|         gmem2|       pointer|
|m_axi_gmem2_ARREADY    |   in|    1|       m_axi|         gmem2|       pointer|
|m_axi_gmem2_ARADDR     |  out|   64|       m_axi|         gmem2|       pointer|
|m_axi_gmem2_ARID       |  out|    1|       m_axi|         gmem2|       pointer|
|m_axi_gmem2_ARLEN      |  out|    8|       m_axi|         gmem2|       pointer|
|m_axi_gmem2_ARSIZE     |  out|    3|       m_axi|         gmem2|       pointer|
|m_axi_gmem2_ARBURST    |  out|    2|       m_axi|         gmem2|       pointer|
|m_axi_gmem2_ARLOCK     |  out|    2|       m_axi|         gmem2|       pointer|
|m_axi_gmem2_ARCACHE    |  out|    4|       m_axi|         gmem2|       pointer|
|m_axi_gmem2_ARPROT     |  out|    3|       m_axi|         gmem2|       pointer|
|m_axi_gmem2_ARQOS      |  out|    4|       m_axi|         gmem2|       pointer|
|m_axi_gmem2_ARREGION   |  out|    4|       m_axi|         gmem2|       pointer|
|m_axi_gmem2_ARUSER     |  out|    1|       m_axi|         gmem2|       pointer|
|m_axi_gmem2_RVALID     |   in|    1|       m_axi|         gmem2|       pointer|
|m_axi_gmem2_RREADY     |  out|    1|       m_axi|         gmem2|       pointer|
|m_axi_gmem2_RDATA      |   in|  512|       m_axi|         gmem2|       pointer|
|m_axi_gmem2_RLAST      |   in|    1|       m_axi|         gmem2|       pointer|
|m_axi_gmem2_RID        |   in|    1|       m_axi|         gmem2|       pointer|
|m_axi_gmem2_RUSER      |   in|    1|       m_axi|         gmem2|       pointer|
|m_axi_gmem2_RRESP      |   in|    2|       m_axi|         gmem2|       pointer|
|m_axi_gmem2_BVALID     |   in|    1|       m_axi|         gmem2|       pointer|
|m_axi_gmem2_BREADY     |  out|    1|       m_axi|         gmem2|       pointer|
|m_axi_gmem2_BRESP      |   in|    2|       m_axi|         gmem2|       pointer|
|m_axi_gmem2_BID        |   in|    1|       m_axi|         gmem2|       pointer|
|m_axi_gmem2_BUSER      |   in|    1|       m_axi|         gmem2|       pointer|
|amb_temp               |   in|   32|     ap_none|      amb_temp|        scalar|
+-----------------------+-----+-----+------------+--------------+--------------+

