

================================================================
== Vitis HLS Report for 'compute'
================================================================
* Date:           Mon Nov 28 00:22:12 2022

* Version:        2020.2.2 (Build 3118627 on Tue Feb  9 05:13:49 MST 2021)
* Project:        hotspot3D.prj
* Solution:       solution1 (Vivado IP Flow Target)
* Product family: virtexuplus
* Target device:  xcu50-fsvh2104-2-e


================================================================
== Performance Estimates
================================================================
+ Timing: 
    * Summary: 
    +--------+---------+----------+------------+
    |  Clock |  Target | Estimated| Uncertainty|
    +--------+---------+----------+------------+
    |ap_clk  |  3.33 ns|  2.431 ns|     0.90 ns|
    +--------+---------+----------+------------+

+ Latency: 
    * Summary: 
    +----------+----------+-----------+-----------+----------+----------+---------+
    |   Latency (cycles)  |   Latency (absolute)  |       Interval      | Pipeline|
    |    min   |    max   |    min    |    max    |    min   |    max   |   Type  |
    +----------+----------+-----------+-----------+----------+----------+---------+
    |  14680143|  14680143|  48.885 ms|  48.885 ms|  14680143|  14680143|     none|
    +----------+----------+-----------+-----------+----------+----------+---------+

    + Detail: 
        * Instance: 
        N/A

        * Loop: 
        +------------------------------------------------+----------+----------+----------+-----------+-----------+---------+----------+
        |                                                |   Latency (cycles)  | Iteration|  Initiation Interval  |   Trip  |          |
        |                    Loop Name                   |    min   |    max   |  Latency |  achieved |   target  |  Count  | Pipelined|
        +------------------------------------------------+----------+----------+----------+-----------+-----------+---------+----------+
        |- VITIS_LOOP_5_1_VITIS_LOOP_6_2_VITIS_LOOP_7_3  |  14680131|  14680131|        75|          7|          1|  2097152|       yes|
        +------------------------------------------------+----------+----------+----------+-----------+-----------+---------+----------+



================================================================
== Utilization Estimates
================================================================
* Summary: 
+---------------------+---------+------+---------+--------+-----+
|         Name        | BRAM_18K|  DSP |    FF   |   LUT  | URAM|
+---------------------+---------+------+---------+--------+-----+
|DSP                  |        -|     -|        -|       -|    -|
|Expression           |        -|     -|        0|    1305|    -|
|FIFO                 |        -|     -|        -|       -|    -|
|Instance             |        -|    10|      922|     552|    -|
|Memory               |        -|     -|        -|       -|    -|
|Multiplexer          |        -|     -|        -|     492|    -|
|Register             |        -|     -|     1985|     192|    -|
+---------------------+---------+------+---------+--------+-----+
|Total                |        0|    10|     2907|    2541|    0|
+---------------------+---------+------+---------+--------+-----+
|Available SLR        |     1344|  2976|   871680|  435840|  320|
+---------------------+---------+------+---------+--------+-----+
|Utilization SLR (%)  |        0|    ~0|       ~0|      ~0|    0|
+---------------------+---------+------+---------+--------+-----+
|Available            |     2688|  5952|  1743360|  871680|  640|
+---------------------+---------+------+---------+--------+-----+
|Utilization (%)      |        0|    ~0|       ~0|      ~0|    0|
+---------------------+---------+------+---------+--------+-----+

+ Detail: 
    * Instance: 
    +-----------------------------------+--------------------------------+---------+----+-----+-----+-----+
    |              Instance             |             Module             | BRAM_18K| DSP|  FF | LUT | URAM|
    +-----------------------------------+--------------------------------+---------+----+-----+-----+-----+
    |fadd_32ns_32ns_32_7_full_dsp_1_U1  |fadd_32ns_32ns_32_7_full_dsp_1  |        0|   2|  318|  198|    0|
    |fadd_32ns_32ns_32_7_full_dsp_1_U2  |fadd_32ns_32ns_32_7_full_dsp_1  |        0|   2|  318|  198|    0|
    |fmul_32ns_32ns_32_4_max_dsp_1_U3   |fmul_32ns_32ns_32_4_max_dsp_1   |        0|   3|  143|   78|    0|
    |fmul_32ns_32ns_32_4_max_dsp_1_U4   |fmul_32ns_32ns_32_4_max_dsp_1   |        0|   3|  143|   78|    0|
    +-----------------------------------+--------------------------------+---------+----+-----+-----+-----+
    |Total                              |                                |        0|  10|  922|  552|    0|
    +-----------------------------------+--------------------------------+---------+----+-----+-----+-----+

    * DSP: 
    N/A

    * Memory: 
    N/A

    * FIFO: 
    N/A

    * Expression: 
    +-----------------------------------+----------+----+---+----+------------+------------+
    |           Variable Name           | Operation| DSP| FF| LUT| Bitwidth P0| Bitwidth P1|
    +-----------------------------------+----------+----+---+----+------------+------------+
    |add_ln10_fu_936_p2                 |         +|   0|  0|  29|          22|           5|
    |add_ln11_fu_871_p2                 |         +|   0|  0|  29|          22|           4|
    |add_ln12_fu_740_p2                 |         +|   0|  0|  29|          22|          14|
    |add_ln13_fu_806_p2                 |         +|   0|  0|  29|          22|          13|
    |add_ln14_fu_990_p2                 |         +|   0|  0|  29|          22|           2|
    |add_ln15_fu_1000_p2                |         +|   0|  0|  29|          22|           1|
    |add_ln17_1_fu_699_p2               |         +|   0|  0|  63|          63|          63|
    |add_ln17_2_fu_766_p2               |         +|   0|  0|  71|          64|          64|
    |add_ln17_3_fu_830_p2               |         +|   0|  0|  71|          64|          64|
    |add_ln17_4_fu_895_p2               |         +|   0|  0|  71|          64|          64|
    |add_ln17_5_fu_960_p2               |         +|   0|  0|  71|          64|          64|
    |add_ln17_6_fu_1024_p2              |         +|   0|  0|  71|          64|          64|
    |add_ln17_7_fu_1068_p2              |         +|   0|  0|  71|          64|          64|
    |add_ln17_fu_694_p2                 |         +|   0|  0|  63|          63|          63|
    |add_ln5_1_fu_522_p2                |         +|   0|  0|  17|          10|           1|
    |add_ln5_fu_441_p2                  |         +|   0|  0|  29|          22|           1|
    |add_ln6_1_fu_459_p2                |         +|   0|  0|  21|          14|           1|
    |add_ln6_fu_585_p2                  |         +|   0|  0|  17|          10|           1|
    |c_fu_666_p2                        |         +|   0|  0|  28|          21|          21|
    |z_1_fu_1104_p2                     |         +|   0|  0|  12|           4|           1|
    |and_ln5_1_fu_572_p2                |       and|   0|  0|   2|           1|           1|
    |and_ln5_fu_855_p2                  |       and|   0|  0|   2|           1|           1|
    |ap_block_pp0_stage4_01001          |       and|   0|  0|   2|           1|           1|
    |ap_block_state10_io                |       and|   0|  0|   2|           1|           1|
    |ap_block_state16_io                |       and|   0|  0|   2|           1|           1|
    |ap_block_state17_pp0_stage2_iter1  |       and|   0|  0|   2|           1|           1|
    |ap_block_state23_pp0_stage1_iter2  |       and|   0|  0|   2|           1|           1|
    |ap_block_state82_io                |       and|   0|  0|   2|           1|           1|
    |ap_block_state9_pp0_stage1_iter0   |       and|   0|  0|   2|           1|           1|
    |cmp10_fu_465_p2                    |      icmp|   0|  0|  11|          10|           1|
    |cmp10_mid1_fu_715_p2               |      icmp|   0|  0|  11|          10|           1|
    |cmp13_fu_471_p2                    |      icmp|   0|  0|  11|          10|           9|
    |cmp13_mid1_fu_795_p2               |      icmp|   0|  0|  11|          10|           9|
    |cmp6_fu_489_p2                     |      icmp|   0|  0|  11|          10|           1|
    |cmp6_mid1_fu_924_p2                |      icmp|   0|  0|  11|          10|           1|
    |cmp7_fu_495_p2                     |      icmp|   0|  0|  11|          10|           9|
    |cmp7_mid1_fu_859_p2                |      icmp|   0|  0|  11|          10|           9|
    |icmp_ln14_fu_985_p2                |      icmp|   0|  0|   9|           4|           1|
    |icmp_ln15_fu_995_p2                |      icmp|   0|  0|   9|           4|           3|
    |icmp_ln5_fu_447_p2                 |      icmp|   0|  0|  16|          22|          23|
    |icmp_ln6_fu_453_p2                 |      icmp|   0|  0|  12|          14|          13|
    |icmp_ln7_fu_566_p2                 |      icmp|   0|  0|   9|           4|           5|
    |ap_block_pp0_stage0_11001          |        or|   0|  0|   2|           1|           1|
    |ap_block_pp0_stage1_11001          |        or|   0|  0|   2|           1|           1|
    |ap_block_pp0_stage2_11001          |        or|   0|  0|   2|           1|           1|
    |ap_block_pp0_stage3_11001          |        or|   0|  0|   2|           1|           1|
    |ap_block_pp0_stage4_11001          |        or|   0|  0|   2|           1|           1|
    |ap_block_pp0_stage5_11001          |        or|   0|  0|   2|           1|           1|
    |ap_block_pp0_stage6_11001          |        or|   0|  0|   2|           1|           1|
    |or_ln5_fu_920_p2                   |        or|   0|  0|   2|           1|           1|
    |or_ln6_fu_595_p2                   |        or|   0|  0|   2|           1|           1|
    |select_ln10_fu_941_p3              |    select|   0|  0|  22|           1|          22|
    |select_ln11_fu_876_p3              |    select|   0|  0|  22|           1|          22|
    |select_ln12_fu_746_p3              |    select|   0|  0|  22|           1|          22|
    |select_ln13_fu_811_p3              |    select|   0|  0|  22|           1|          22|
    |select_ln14_fu_1049_p3             |    select|   0|  0|  22|           1|          22|
    |select_ln15_fu_1005_p3             |    select|   0|  0|  22|           1|          22|
    |select_ln5_1_fu_720_p3             |    select|   0|  0|   2|           1|           1|
    |select_ln5_2_fu_800_p3             |    select|   0|  0|   2|           1|           1|
    |select_ln5_3_fu_528_p3             |    select|   0|  0|  12|           1|           1|
    |select_ln5_4_fu_544_p3             |    select|   0|  0|   9|           1|           9|
    |select_ln5_5_fu_559_p3             |    select|   0|  0|  21|           1|          21|
    |select_ln5_6_fu_578_p3             |    select|   0|  0|  10|           1|          10|
    |select_ln5_fu_515_p3               |    select|   0|  0|  10|           1|           1|
    |select_ln6_1_fu_620_p3             |    select|   0|  0|  12|           1|          12|
    |select_ln6_2_fu_929_p3             |    select|   0|  0|   2|           1|           1|
    |select_ln6_3_fu_864_p3             |    select|   0|  0|   2|           1|           1|
    |select_ln6_4_fu_628_p3             |    select|   0|  0|   9|           1|           9|
    |select_ln6_5_fu_646_p3             |    select|   0|  0|  21|           1|          21|
    |select_ln6_6_fu_1099_p3            |    select|   0|  0|  10|           1|          10|
    |select_ln6_7_fu_1093_p3            |    select|   0|  0|  14|           1|           1|
    |select_ln6_fu_600_p3               |    select|   0|  0|   4|           1|           1|
    |ap_enable_pp0                      |       xor|   0|  0|   2|           1|           2|
    |xor_ln5_fu_535_p2                  |       xor|   0|  0|   2|           1|           2|
    +-----------------------------------+----------+----+---+----+------------+------------+
    |Total                              |          |   0|  0|1305|         892|         914|
    +-----------------------------------+----------+----+---+----+------------+------------+

    * Multiplexer: 
    +-------------------------------------------+----+-----------+-----+-----------+
    |                    Name                   | LUT| Input Size| Bits| Total Bits|
    +-------------------------------------------+----+-----------+-----+-----------+
    |ap_NS_fsm                                  |  97|         20|    1|         20|
    |ap_enable_reg_pp0_iter10                   |   9|          2|    1|          2|
    |ap_phi_mux_indvar_flatten23_phi_fu_316_p4  |   9|          2|   22|         44|
    |ap_phi_mux_indvar_flatten_phi_fu_327_p4    |   9|          2|   14|         28|
    |ap_phi_mux_x_phi_fu_349_p4                 |   9|          2|   10|         20|
    |ap_phi_mux_y_phi_fu_338_p4                 |   9|          2|   10|         20|
    |ap_phi_mux_z_phi_fu_360_p4                 |   9|          2|    4|          8|
    |gmem0_blk_n_AR                             |   9|          2|    1|          2|
    |gmem0_blk_n_R                              |   9|          2|    1|          2|
    |gmem1_blk_n_AR                             |   9|          2|    1|          2|
    |gmem1_blk_n_R                              |   9|          2|    1|          2|
    |gmem2_blk_n_AW                             |   9|          2|    1|          2|
    |gmem2_blk_n_B                              |   9|          2|    1|          2|
    |gmem2_blk_n_W                              |   9|          2|    1|          2|
    |grp_fu_367_p0                              |  26|          5|   32|        160|
    |grp_fu_367_p1                              |  26|          5|   32|        160|
    |grp_fu_371_p0                              |  26|          5|   32|        160|
    |grp_fu_371_p1                              |  26|          5|   32|        160|
    |grp_fu_375_p0                              |  49|          9|   32|        288|
    |grp_fu_375_p1                              |  37|          7|   32|        224|
    |indvar_flatten23_reg_312                   |   9|          2|   22|         44|
    |indvar_flatten_reg_323                     |   9|          2|   14|         28|
    |m_axi_gmem1_ARADDR                         |  43|          8|   64|        512|
    |x_reg_345                                  |   9|          2|   10|         20|
    |y_reg_334                                  |   9|          2|   10|         20|
    |z_reg_356                                  |   9|          2|    4|          8|
    +-------------------------------------------+----+-----------+-----+-----------+
    |Total                                      | 492|        100|  385|       1940|
    +-------------------------------------------+----+-----------+-----+-----------+

    * Register: 
    +----------------------------+----+----+-----+-----------+
    |            Name            | FF | LUT| Bits| Const Bits|
    +----------------------------+----+----+-----+-----------+
    |add1_reg_1516               |  32|   0|   32|          0|
    |add2_reg_1521               |  32|   0|   32|          0|
    |add3_reg_1526               |  32|   0|   32|          0|
    |add4_reg_1531               |  32|   0|   32|          0|
    |add5_reg_1536               |  32|   0|   32|          0|
    |add6_reg_1541               |  32|   0|   32|          0|
    |add7_reg_1546               |  32|   0|   32|          0|
    |add_ln5_1_reg_1259          |  10|   0|   10|          0|
    |add_ln5_reg_1205            |  22|   0|   22|          0|
    |add_ln6_1_reg_1229          |  14|   0|   14|          0|
    |add_ln6_reg_1282            |  10|   0|   10|          0|
    |add_reg_1511                |  32|   0|   32|          0|
    |and_ln5_1_reg_1270          |   1|   0|    1|          0|
    |ap_CS_fsm                   |  19|   0|   19|          0|
    |ap_enable_reg_pp0_iter0     |   1|   0|    1|          0|
    |ap_enable_reg_pp0_iter1     |   1|   0|    1|          0|
    |ap_enable_reg_pp0_iter10    |   1|   0|    1|          0|
    |ap_enable_reg_pp0_iter2     |   1|   0|    1|          0|
    |ap_enable_reg_pp0_iter3     |   1|   0|    1|          0|
    |ap_enable_reg_pp0_iter4     |   1|   0|    1|          0|
    |ap_enable_reg_pp0_iter5     |   1|   0|    1|          0|
    |ap_enable_reg_pp0_iter6     |   1|   0|    1|          0|
    |ap_enable_reg_pp0_iter7     |   1|   0|    1|          0|
    |ap_enable_reg_pp0_iter8     |   1|   0|    1|          0|
    |ap_enable_reg_pp0_iter9     |   1|   0|    1|          0|
    |c_reg_1306                  |  21|   0|   21|          0|
    |cmp10_reg_1234              |   1|   0|    1|          0|
    |cmp13_reg_1239              |   1|   0|    1|          0|
    |cmp6_reg_1244               |   1|   0|    1|          0|
    |cmp7_reg_1249               |   1|   0|    1|          0|
    |gmem0_addr_read_reg_1322    |  32|   0|   32|          0|
    |gmem1_addr_1_read_reg_1416  |  32|   0|   32|          0|
    |gmem1_addr_1_reg_1345       |  64|   0|   64|          0|
    |gmem1_addr_2_read_reg_1426  |  32|   0|   32|          0|
    |gmem1_addr_2_reg_1356       |  64|   0|   64|          0|
    |gmem1_addr_3_read_reg_1436  |  32|   0|   32|          0|
    |gmem1_addr_3_reg_1362       |  64|   0|   64|          0|
    |gmem1_addr_4_read_reg_1451  |  32|   0|   32|          0|
    |gmem1_addr_4_reg_1368       |  64|   0|   64|          0|
    |gmem1_addr_5_read_reg_1466  |  32|   0|   32|          0|
    |gmem1_addr_5_reg_1379       |  64|   0|   64|          0|
    |gmem1_addr_6_read_reg_1481  |  32|   0|   32|          0|
    |gmem1_addr_6_reg_1385       |  64|   0|   64|          0|
    |gmem1_addr_read_reg_1406    |  32|   0|   32|          0|
    |gmem1_addr_reg_1316         |  64|   0|   64|          0|
    |icmp_ln5_reg_1210           |   1|   0|    1|          0|
    |icmp_ln6_reg_1214           |   1|   0|    1|          0|
    |indvar_flatten23_reg_312    |  22|   0|   22|          0|
    |indvar_flatten_reg_323      |  14|   0|   14|          0|
    |mul1_reg_1441               |  32|   0|   32|          0|
    |mul2_reg_1456               |  32|   0|   32|          0|
    |mul3_reg_1471               |  32|   0|   32|          0|
    |mul4_reg_1486               |  32|   0|   32|          0|
    |mul5_reg_1496               |  32|   0|   32|          0|
    |mul6_reg_1501               |  32|   0|   32|          0|
    |mul7_reg_1506               |  32|   0|   32|          0|
    |mul8_reg_1374               |  32|   0|   32|          0|
    |mul_reg_1189                |  32|   0|   32|          0|
    |select_ln5_6_reg_1277       |  10|   0|   10|          0|
    |select_ln5_reg_1254         |  10|   0|   10|          0|
    |select_ln6_4_reg_1296       |   9|   0|    9|          0|
    |select_ln6_6_reg_1396       |  10|   0|   10|          0|
    |select_ln6_7_reg_1391       |  14|   0|   14|          0|
    |select_ln6_reg_1289         |   4|   0|    4|          0|
    |sext_ln5_reg_1194           |  63|   0|   63|          0|
    |tmp_3_reg_1311              |   9|   0|    9|          0|
    |trunc_ln8_reg_1301          |   3|   0|    3|          0|
    |x_reg_345                   |  10|   0|   10|          0|
    |xor_ln5_reg_1265            |   1|   0|    1|          0|
    |y_reg_334                   |  10|   0|   10|          0|
    |z_1_reg_1401                |   4|   0|    4|          0|
    |z_reg_356                   |   4|   0|    4|          0|
    |zext_ln10_reg_1336          |  21|   0|   22|          1|
    |zext_ln8_reg_1327           |  21|   0|   22|          1|
    |icmp_ln5_reg_1210           |  64|  32|    1|          0|
    |mul4_reg_1486               |  64|  32|   32|          0|
    |mul5_reg_1496               |  64|  32|   32|          0|
    |mul6_reg_1501               |  64|  32|   32|          0|
    |mul7_reg_1506               |  64|  32|   32|          0|
    |mul8_reg_1374               |  64|  32|   32|          0|
    +----------------------------+----+----+-----+-----------+
    |Total                       |1985| 192| 1764|          2|
    +----------------------------+----+----+-----+-----------+



================================================================
== Interface
================================================================
* Summary: 
+----------------------+-----+-----+------------+--------------+--------------+
|       RTL Ports      | Dir | Bits|  Protocol  | Source Object|    C Type    |
+----------------------+-----+-----+------------+--------------+--------------+
|ap_clk                |   in|    1|  ap_ctrl_hs|       compute|  return value|
|ap_rst                |   in|    1|  ap_ctrl_hs|       compute|  return value|
|ap_start              |   in|    1|  ap_ctrl_hs|       compute|  return value|
|ap_done               |  out|    1|  ap_ctrl_hs|       compute|  return value|
|ap_idle               |  out|    1|  ap_ctrl_hs|       compute|  return value|
|ap_ready              |  out|    1|  ap_ctrl_hs|       compute|  return value|
|m_axi_gmem0_AWVALID   |  out|    1|       m_axi|         gmem0|       pointer|
|m_axi_gmem0_AWREADY   |   in|    1|       m_axi|         gmem0|       pointer|
|m_axi_gmem0_AWADDR    |  out|   64|       m_axi|         gmem0|       pointer|
|m_axi_gmem0_AWID      |  out|    1|       m_axi|         gmem0|       pointer|
|m_axi_gmem0_AWLEN     |  out|   32|       m_axi|         gmem0|       pointer|
|m_axi_gmem0_AWSIZE    |  out|    3|       m_axi|         gmem0|       pointer|
|m_axi_gmem0_AWBURST   |  out|    2|       m_axi|         gmem0|       pointer|
|m_axi_gmem0_AWLOCK    |  out|    2|       m_axi|         gmem0|       pointer|
|m_axi_gmem0_AWCACHE   |  out|    4|       m_axi|         gmem0|       pointer|
|m_axi_gmem0_AWPROT    |  out|    3|       m_axi|         gmem0|       pointer|
|m_axi_gmem0_AWQOS     |  out|    4|       m_axi|         gmem0|       pointer|
|m_axi_gmem0_AWREGION  |  out|    4|       m_axi|         gmem0|       pointer|
|m_axi_gmem0_AWUSER    |  out|    1|       m_axi|         gmem0|       pointer|
|m_axi_gmem0_WVALID    |  out|    1|       m_axi|         gmem0|       pointer|
|m_axi_gmem0_WREADY    |   in|    1|       m_axi|         gmem0|       pointer|
|m_axi_gmem0_WDATA     |  out|   32|       m_axi|         gmem0|       pointer|
|m_axi_gmem0_WSTRB     |  out|    4|       m_axi|         gmem0|       pointer|
|m_axi_gmem0_WLAST     |  out|    1|       m_axi|         gmem0|       pointer|
|m_axi_gmem0_WID       |  out|    1|       m_axi|         gmem0|       pointer|
|m_axi_gmem0_WUSER     |  out|    1|       m_axi|         gmem0|       pointer|
|m_axi_gmem0_ARVALID   |  out|    1|       m_axi|         gmem0|       pointer|
|m_axi_gmem0_ARREADY   |   in|    1|       m_axi|         gmem0|       pointer|
|m_axi_gmem0_ARADDR    |  out|   64|       m_axi|         gmem0|       pointer|
|m_axi_gmem0_ARID      |  out|    1|       m_axi|         gmem0|       pointer|
|m_axi_gmem0_ARLEN     |  out|   32|       m_axi|         gmem0|       pointer|
|m_axi_gmem0_ARSIZE    |  out|    3|       m_axi|         gmem0|       pointer|
|m_axi_gmem0_ARBURST   |  out|    2|       m_axi|         gmem0|       pointer|
|m_axi_gmem0_ARLOCK    |  out|    2|       m_axi|         gmem0|       pointer|
|m_axi_gmem0_ARCACHE   |  out|    4|       m_axi|         gmem0|       pointer|
|m_axi_gmem0_ARPROT    |  out|    3|       m_axi|         gmem0|       pointer|
|m_axi_gmem0_ARQOS     |  out|    4|       m_axi|         gmem0|       pointer|
|m_axi_gmem0_ARREGION  |  out|    4|       m_axi|         gmem0|       pointer|
|m_axi_gmem0_ARUSER    |  out|    1|       m_axi|         gmem0|       pointer|
|m_axi_gmem0_RVALID    |   in|    1|       m_axi|         gmem0|       pointer|
|m_axi_gmem0_RREADY    |  out|    1|       m_axi|         gmem0|       pointer|
|m_axi_gmem0_RDATA     |   in|   32|       m_axi|         gmem0|       pointer|
|m_axi_gmem0_RLAST     |   in|    1|       m_axi|         gmem0|       pointer|
|m_axi_gmem0_RID       |   in|    1|       m_axi|         gmem0|       pointer|
|m_axi_gmem0_RUSER     |   in|    1|       m_axi|         gmem0|       pointer|
|m_axi_gmem0_RRESP     |   in|    2|       m_axi|         gmem0|       pointer|
|m_axi_gmem0_BVALID    |   in|    1|       m_axi|         gmem0|       pointer|
|m_axi_gmem0_BREADY    |  out|    1|       m_axi|         gmem0|       pointer|
|m_axi_gmem0_BRESP     |   in|    2|       m_axi|         gmem0|       pointer|
|m_axi_gmem0_BID       |   in|    1|       m_axi|         gmem0|       pointer|
|m_axi_gmem0_BUSER     |   in|    1|       m_axi|         gmem0|       pointer|
|m_axi_gmem1_AWVALID   |  out|    1|       m_axi|         gmem1|       pointer|
|m_axi_gmem1_AWREADY   |   in|    1|       m_axi|         gmem1|       pointer|
|m_axi_gmem1_AWADDR    |  out|   64|       m_axi|         gmem1|       pointer|
|m_axi_gmem1_AWID      |  out|    1|       m_axi|         gmem1|       pointer|
|m_axi_gmem1_AWLEN     |  out|   32|       m_axi|         gmem1|       pointer|
|m_axi_gmem1_AWSIZE    |  out|    3|       m_axi|         gmem1|       pointer|
|m_axi_gmem1_AWBURST   |  out|    2|       m_axi|         gmem1|       pointer|
|m_axi_gmem1_AWLOCK    |  out|    2|       m_axi|         gmem1|       pointer|
|m_axi_gmem1_AWCACHE   |  out|    4|       m_axi|         gmem1|       pointer|
|m_axi_gmem1_AWPROT    |  out|    3|       m_axi|         gmem1|       pointer|
|m_axi_gmem1_AWQOS     |  out|    4|       m_axi|         gmem1|       pointer|
|m_axi_gmem1_AWREGION  |  out|    4|       m_axi|         gmem1|       pointer|
|m_axi_gmem1_AWUSER    |  out|    1|       m_axi|         gmem1|       pointer|
|m_axi_gmem1_WVALID    |  out|    1|       m_axi|         gmem1|       pointer|
|m_axi_gmem1_WREADY    |   in|    1|       m_axi|         gmem1|       pointer|
|m_axi_gmem1_WDATA     |  out|   32|       m_axi|         gmem1|       pointer|
|m_axi_gmem1_WSTRB     |  out|    4|       m_axi|         gmem1|       pointer|
|m_axi_gmem1_WLAST     |  out|    1|       m_axi|         gmem1|       pointer|
|m_axi_gmem1_WID       |  out|    1|       m_axi|         gmem1|       pointer|
|m_axi_gmem1_WUSER     |  out|    1|       m_axi|         gmem1|       pointer|
|m_axi_gmem1_ARVALID   |  out|    1|       m_axi|         gmem1|       pointer|
|m_axi_gmem1_ARREADY   |   in|    1|       m_axi|         gmem1|       pointer|
|m_axi_gmem1_ARADDR    |  out|   64|       m_axi|         gmem1|       pointer|
|m_axi_gmem1_ARID      |  out|    1|       m_axi|         gmem1|       pointer|
|m_axi_gmem1_ARLEN     |  out|   32|       m_axi|         gmem1|       pointer|
|m_axi_gmem1_ARSIZE    |  out|    3|       m_axi|         gmem1|       pointer|
|m_axi_gmem1_ARBURST   |  out|    2|       m_axi|         gmem1|       pointer|
|m_axi_gmem1_ARLOCK    |  out|    2|       m_axi|         gmem1|       pointer|
|m_axi_gmem1_ARCACHE   |  out|    4|       m_axi|         gmem1|       pointer|
|m_axi_gmem1_ARPROT    |  out|    3|       m_axi|         gmem1|       pointer|
|m_axi_gmem1_ARQOS     |  out|    4|       m_axi|         gmem1|       pointer|
|m_axi_gmem1_ARREGION  |  out|    4|       m_axi|         gmem1|       pointer|
|m_axi_gmem1_ARUSER    |  out|    1|       m_axi|         gmem1|       pointer|
|m_axi_gmem1_RVALID    |   in|    1|       m_axi|         gmem1|       pointer|
|m_axi_gmem1_RREADY    |  out|    1|       m_axi|         gmem1|       pointer|
|m_axi_gmem1_RDATA     |   in|   32|       m_axi|         gmem1|       pointer|
|m_axi_gmem1_RLAST     |   in|    1|       m_axi|         gmem1|       pointer|
|m_axi_gmem1_RID       |   in|    1|       m_axi|         gmem1|       pointer|
|m_axi_gmem1_RUSER     |   in|    1|       m_axi|         gmem1|       pointer|
|m_axi_gmem1_RRESP     |   in|    2|       m_axi|         gmem1|       pointer|
|m_axi_gmem1_BVALID    |   in|    1|       m_axi|         gmem1|       pointer|
|m_axi_gmem1_BREADY    |  out|    1|       m_axi|         gmem1|       pointer|
|m_axi_gmem1_BRESP     |   in|    2|       m_axi|         gmem1|       pointer|
|m_axi_gmem1_BID       |   in|    1|       m_axi|         gmem1|       pointer|
|m_axi_gmem1_BUSER     |   in|    1|       m_axi|         gmem1|       pointer|
|m_axi_gmem2_AWVALID   |  out|    1|       m_axi|         gmem2|       pointer|
|m_axi_gmem2_AWREADY   |   in|    1|       m_axi|         gmem2|       pointer|
|m_axi_gmem2_AWADDR    |  out|   64|       m_axi|         gmem2|       pointer|
|m_axi_gmem2_AWID      |  out|    1|       m_axi|         gmem2|       pointer|
|m_axi_gmem2_AWLEN     |  out|   32|       m_axi|         gmem2|       pointer|
|m_axi_gmem2_AWSIZE    |  out|    3|       m_axi|         gmem2|       pointer|
|m_axi_gmem2_AWBURST   |  out|    2|       m_axi|         gmem2|       pointer|
|m_axi_gmem2_AWLOCK    |  out|    2|       m_axi|         gmem2|       pointer|
|m_axi_gmem2_AWCACHE   |  out|    4|       m_axi|         gmem2|       pointer|
|m_axi_gmem2_AWPROT    |  out|    3|       m_axi|         gmem2|       pointer|
|m_axi_gmem2_AWQOS     |  out|    4|       m_axi|         gmem2|       pointer|
|m_axi_gmem2_AWREGION  |  out|    4|       m_axi|         gmem2|       pointer|
|m_axi_gmem2_AWUSER    |  out|    1|       m_axi|         gmem2|       pointer|
|m_axi_gmem2_WVALID    |  out|    1|       m_axi|         gmem2|       pointer|
|m_axi_gmem2_WREADY    |   in|    1|       m_axi|         gmem2|       pointer|
|m_axi_gmem2_WDATA     |  out|   32|       m_axi|         gmem2|       pointer|
|m_axi_gmem2_WSTRB     |  out|    4|       m_axi|         gmem2|       pointer|
|m_axi_gmem2_WLAST     |  out|    1|       m_axi|         gmem2|       pointer|
|m_axi_gmem2_WID       |  out|    1|       m_axi|         gmem2|       pointer|
|m_axi_gmem2_WUSER     |  out|    1|       m_axi|         gmem2|       pointer|
|m_axi_gmem2_ARVALID   |  out|    1|       m_axi|         gmem2|       pointer|
|m_axi_gmem2_ARREADY   |   in|    1|       m_axi|         gmem2|       pointer|
|m_axi_gmem2_ARADDR    |  out|   64|       m_axi|         gmem2|       pointer|
|m_axi_gmem2_ARID      |  out|    1|       m_axi|         gmem2|       pointer|
|m_axi_gmem2_ARLEN     |  out|   32|       m_axi|         gmem2|       pointer|
|m_axi_gmem2_ARSIZE    |  out|    3|       m_axi|         gmem2|       pointer|
|m_axi_gmem2_ARBURST   |  out|    2|       m_axi|         gmem2|       pointer|
|m_axi_gmem2_ARLOCK    |  out|    2|       m_axi|         gmem2|       pointer|
|m_axi_gmem2_ARCACHE   |  out|    4|       m_axi|         gmem2|       pointer|
|m_axi_gmem2_ARPROT    |  out|    3|       m_axi|         gmem2|       pointer|
|m_axi_gmem2_ARQOS     |  out|    4|       m_axi|         gmem2|       pointer|
|m_axi_gmem2_ARREGION  |  out|    4|       m_axi|         gmem2|       pointer|
|m_axi_gmem2_ARUSER    |  out|    1|       m_axi|         gmem2|       pointer|
|m_axi_gmem2_RVALID    |   in|    1|       m_axi|         gmem2|       pointer|
|m_axi_gmem2_RREADY    |  out|    1|       m_axi|         gmem2|       pointer|
|m_axi_gmem2_RDATA     |   in|   32|       m_axi|         gmem2|       pointer|
|m_axi_gmem2_RLAST     |   in|    1|       m_axi|         gmem2|       pointer|
|m_axi_gmem2_RID       |   in|    1|       m_axi|         gmem2|       pointer|
|m_axi_gmem2_RUSER     |   in|    1|       m_axi|         gmem2|       pointer|
|m_axi_gmem2_RRESP     |   in|    2|       m_axi|         gmem2|       pointer|
|m_axi_gmem2_BVALID    |   in|    1|       m_axi|         gmem2|       pointer|
|m_axi_gmem2_BREADY    |  out|    1|       m_axi|         gmem2|       pointer|
|m_axi_gmem2_BRESP     |   in|    2|       m_axi|         gmem2|       pointer|
|m_axi_gmem2_BID       |   in|    1|       m_axi|         gmem2|       pointer|
|m_axi_gmem2_BUSER     |   in|    1|       m_axi|         gmem2|       pointer|
|powerIn               |   in|   64|     ap_none|       powerIn|        scalar|
|tempIn                |   in|   64|     ap_none|        tempIn|        scalar|
|tempOut               |   in|   64|     ap_none|       tempOut|        scalar|
|cc                    |   in|   32|     ap_none|            cc|        scalar|
|cwe                   |   in|   32|     ap_none|           cwe|        scalar|
|cns                   |   in|   32|     ap_none|           cns|        scalar|
|ctb                   |   in|   32|     ap_none|           ctb|        scalar|
|stepDivCap            |   in|   32|     ap_none|    stepDivCap|        scalar|
|amb_temp              |   in|   32|     ap_none|      amb_temp|        scalar|
+----------------------+-----+-----+------------+--------------+--------------+

