

================================================================
== Vitis HLS Report for 'kernel_3D_hw'
================================================================
* Date:           Mon Nov 28 16:15:29 2022

* Version:        2020.2.2 (Build 3118627 on Tue Feb  9 05:13:49 MST 2021)
* Project:        hotspot3D.prj
* Solution:       solution1 (Vivado IP Flow Target)
* Product family: virtexuplus
* Target device:  xcu50-fsvh2104-2-e


================================================================
== Performance Estimates
================================================================
+ Timing: 
    * Summary: 
    +--------+---------+----------+------------+
    |  Clock |  Target | Estimated| Uncertainty|
    +--------+---------+----------+------------+
    |ap_clk  |  3.33 ns|  2.431 ns|     0.90 ns|
    +--------+---------+----------+------------+

+ Latency: 
    * Summary: 
    +--------------+--------------+-------------+-------------+--------------+--------------+---------+
    |       Latency (cycles)      |     Latency (absolute)    |           Interval          | Pipeline|
    |      min     |      max     |     min     |     max     |      min     |      max     |   Type  |
    +--------------+--------------+-------------+-------------+--------------+--------------+---------+
    |  293602910061|  293602910061|  977.698 sec|  977.698 sec|  293602910062|  293602910062|     none|
    +--------------+--------------+-------------+-------------+--------------+--------------+---------+

    + Detail: 
        * Instance: 
        +--------------------+---------+----------+----------+-----------+-----------+----------+----------+---------+
        |                    |         |   Latency (cycles)  |   Latency (absolute)  |       Interval      | Pipeline|
        |      Instance      |  Module |    min   |    max   |    min    |    max    |    min   |    max   |   Type  |
        +--------------------+---------+----------+----------+-----------+-----------+----------+----------+---------+
        |grp_compute_fu_165  |compute  |  14680143|  14680143|  48.885 ms|  48.885 ms|  14680143|  14680143|     none|
        +--------------------+---------+----------+----------+-----------+-----------+----------+----------+---------+

        * Loop: 
        +-------------------+--------------+--------------+----------+-----------+-----------+-------+----------+
        |                   |       Latency (cycles)      | Iteration|  Initiation Interval  |  Trip |          |
        |     Loop Name     |      min     |      max     |  Latency |  achieved |   target  | Count | Pipelined|
        +-------------------+--------------+--------------+----------+-----------+-----------+-------+----------+
        |- VITIS_LOOP_52_1  |  293602910000|  293602910000|  29360291|          -|          -|  10000|        no|
        +-------------------+--------------+--------------+----------+-----------+-----------+-------+----------+



================================================================
== Utilization Estimates
================================================================
* Summary: 
+---------------------+---------+------+---------+--------+-----+
|         Name        | BRAM_18K|  DSP |    FF   |   LUT  | URAM|
+---------------------+---------+------+---------+--------+-----+
|DSP                  |        -|     -|        -|       -|    -|
|Expression           |        -|     -|        0|      33|    -|
|FIFO                 |        -|     -|        -|       -|    -|
|Instance             |        6|    29|     6340|    5914|    -|
|Memory               |        -|     -|        -|       -|    -|
|Multiplexer          |        -|     -|        -|     735|    -|
|Register             |        -|     -|      927|       -|    -|
+---------------------+---------+------+---------+--------+-----+
|Total                |        6|    29|     7267|    6682|    0|
+---------------------+---------+------+---------+--------+-----+
|Available SLR        |     1344|  2976|   871680|  435840|  320|
+---------------------+---------+------+---------+--------+-----+
|Utilization SLR (%)  |       ~0|    ~0|       ~0|       1|    0|
+---------------------+---------+------+---------+--------+-----+
|Available            |     2688|  5952|  1743360|  871680|  640|
+---------------------+---------+------+---------+--------+-----+
|Utilization (%)      |       ~0|    ~0|       ~0|      ~0|    0|
+---------------------+---------+------+---------+--------+-----+

+ Detail: 
    * Instance: 
    +----------------------------------------+------------------------------------+---------+----+------+------+-----+
    |                Instance                |               Module               | BRAM_18K| DSP|  FF  |  LUT | URAM|
    +----------------------------------------+------------------------------------+---------+----+------+------+-----+
    |grp_compute_fu_165                      |compute                             |        0|  10|  2907|  2541|    0|
    |control_s_axi_U                         |control_s_axi                       |        0|   0|   436|   744|    0|
    |dadddsub_64ns_64ns_64_8_full_dsp_1_U24  |dadddsub_64ns_64ns_64_8_full_dsp_1  |        0|   3|   685|   635|    0|
    |dmul_64ns_64ns_64_8_max_dsp_1_U25       |dmul_64ns_64ns_64_8_max_dsp_1       |        0|   8|   388|   127|    0|
    |dmul_64ns_64ns_64_8_max_dsp_1_U26       |dmul_64ns_64ns_64_8_max_dsp_1       |        0|   8|   388|   127|    0|
    |fdiv_32ns_32ns_32_12_no_dsp_1_U19       |fdiv_32ns_32ns_32_12_no_dsp_1       |        0|   0|     0|     0|    0|
    |fdiv_32ns_32ns_32_12_no_dsp_1_U20       |fdiv_32ns_32ns_32_12_no_dsp_1       |        0|   0|     0|     0|    0|
    |fpext_32ns_64_2_no_dsp_1_U22            |fpext_32ns_64_2_no_dsp_1            |        0|   0|     0|     0|    0|
    |fpext_32ns_64_2_no_dsp_1_U23            |fpext_32ns_64_2_no_dsp_1            |        0|   0|     0|     0|    0|
    |fptrunc_64ns_32_2_no_dsp_1_U21          |fptrunc_64ns_32_2_no_dsp_1          |        0|   0|     0|     0|    0|
    |gmem0_m_axi_U                           |gmem0_m_axi                         |        2|   0|   512|   580|    0|
    |gmem1_m_axi_U                           |gmem1_m_axi                         |        2|   0|   512|   580|    0|
    |gmem2_m_axi_U                           |gmem2_m_axi                         |        2|   0|   512|   580|    0|
    +----------------------------------------+------------------------------------+---------+----+------+------+-----+
    |Total                                   |                                    |        6|  29|  6340|  5914|    0|
    +----------------------------------------+------------------------------------+---------+----+------+------+-----+

    * DSP: 
    N/A

    * Memory: 
    N/A

    * FIFO: 
    N/A

    * Expression: 
    +---------------------+----------+----+---+----+------------+------------+
    |    Variable Name    | Operation| DSP| FF| LUT| Bitwidth P0| Bitwidth P1|
    +---------------------+----------+----+---+----+------------+------------+
    |i_1_fu_237_p2        |         +|   0|  0|  21|          14|           1|
    |icmp_ln52_fu_243_p2  |      icmp|   0|  0|  12|          14|          14|
    +---------------------+----------+----+---+----+------------+------------+
    |Total                |          |   0|  0|  33|          28|          15|
    +---------------------+----------+----+---+----+------------+------------+

    * Multiplexer: 
    +----------------------------------------+-----+-----------+-----+-----------+
    |                  Name                  | LUT | Input Size| Bits| Total Bits|
    +----------------------------------------+-----+-----------+-----+-----------+
    |ap_NS_fsm                               |  292|         67|    1|         67|
    |gmem0_ARVALID                           |    9|          2|    1|          2|
    |gmem0_RREADY                            |    9|          2|    1|          2|
    |gmem1_ARVALID                           |    9|          2|    1|          2|
    |gmem1_AWVALID                           |    9|          2|    1|          2|
    |gmem1_BREADY                            |    9|          2|    1|          2|
    |gmem1_RREADY                            |    9|          2|    1|          2|
    |gmem1_WVALID                            |    9|          2|    1|          2|
    |gmem2_ARVALID                           |    9|          2|    1|          2|
    |gmem2_AWVALID                           |    9|          2|    1|          2|
    |gmem2_BREADY                            |    9|          2|    1|          2|
    |gmem2_RREADY                            |    9|          2|    1|          2|
    |gmem2_WVALID                            |    9|          2|    1|          2|
    |grp_compute_fu_165_m_axi_gmem1_ARREADY  |   14|          3|    1|          3|
    |grp_compute_fu_165_m_axi_gmem1_RDATA    |   14|          3|   32|         96|
    |grp_compute_fu_165_m_axi_gmem1_RID      |   14|          3|    1|          3|
    |grp_compute_fu_165_m_axi_gmem1_RLAST    |   14|          3|    1|          3|
    |grp_compute_fu_165_m_axi_gmem1_RRESP    |   14|          3|    2|          6|
    |grp_compute_fu_165_m_axi_gmem1_RUSER    |   14|          3|    1|          3|
    |grp_compute_fu_165_m_axi_gmem1_RVALID   |   14|          3|    1|          3|
    |grp_compute_fu_165_m_axi_gmem2_AWREADY  |   14|          3|    1|          3|
    |grp_compute_fu_165_m_axi_gmem2_BID      |   14|          3|    1|          3|
    |grp_compute_fu_165_m_axi_gmem2_BRESP    |   14|          3|    2|          6|
    |grp_compute_fu_165_m_axi_gmem2_BUSER    |   14|          3|    1|          3|
    |grp_compute_fu_165_m_axi_gmem2_BVALID   |   14|          3|    1|          3|
    |grp_compute_fu_165_m_axi_gmem2_WREADY   |   14|          3|    1|          3|
    |grp_compute_fu_165_tempIn               |   14|          3|   64|        192|
    |grp_compute_fu_165_tempOut              |   14|          3|   64|        192|
    |grp_fu_186_p0                           |   14|          3|   32|         96|
    |grp_fu_186_p1                           |   20|          4|   32|        128|
    |grp_fu_197_p0                           |   14|          3|   32|         96|
    |grp_fu_203_opcode                       |   14|          3|    2|          6|
    |grp_fu_203_p0                           |   20|          4|   64|        256|
    |grp_fu_203_p1                           |   20|          4|   64|        256|
    |grp_fu_208_p1                           |   14|          3|   64|        192|
    |i_reg_154                               |    9|          2|   14|         28|
    +----------------------------------------+-----+-----------+-----+-----------+
    |Total                                   |  735|        162|  491|       1671|
    +----------------------------------------+-----+-----------+-----+-----------+

    * Register: 
    +---------------------------------+----+----+-----+-----------+
    |               Name              | FF | LUT| Bits| Const Bits|
    +---------------------------------+----+----+-----+-----------+
    |Cap_read_reg_269                 |  32|   0|   32|          0|
    |Rx_read_reg_264                  |  32|   0|   32|          0|
    |Ry_read_reg_259                  |  32|   0|   32|          0|
    |Rz_read_reg_254                  |  32|   0|   32|          0|
    |ap_CS_fsm                        |  66|   0|   66|          0|
    |cc_reg_331                       |  32|   0|   32|          0|
    |ce_reg_298                       |  32|   0|   32|          0|
    |cn_reg_304                       |  32|   0|   32|          0|
    |conv4_reg_310                    |  64|   0|   64|          0|
    |ct_reg_315                       |  32|   0|   32|          0|
    |dt_read_reg_249                  |  32|   0|   32|          0|
    |grp_compute_fu_165_ap_start_reg  |   1|   0|    1|          0|
    |i_1_reg_336                      |  14|   0|   14|          0|
    |i_reg_154                        |  14|   0|   14|          0|
    |mul5_reg_321                     |  64|   0|   64|          0|
    |powerIn_read_reg_286             |  64|   0|   64|          0|
    |reg_219                          |  64|   0|   64|          0|
    |reg_224                          |  64|   0|   64|          0|
    |reg_230                          |  64|   0|   64|          0|
    |stepDivCap_reg_291               |  32|   0|   32|          0|
    |tempIn_read_reg_280              |  64|   0|   64|          0|
    |tempOut_read_reg_274             |  64|   0|   64|          0|
    +---------------------------------+----+----+-----+-----------+
    |Total                            | 927|   0|  927|          0|
    +---------------------------------+----+----+-----+-----------+



================================================================
== Interface
================================================================
* Summary: 
+-----------------------+-----+-----+------------+--------------+--------------+
|       RTL Ports       | Dir | Bits|  Protocol  | Source Object|    C Type    |
+-----------------------+-----+-----+------------+--------------+--------------+
|s_axi_control_AWVALID  |   in|    1|       s_axi|       control|        scalar|
|s_axi_control_AWREADY  |  out|    1|       s_axi|       control|        scalar|
|s_axi_control_AWADDR   |   in|    7|       s_axi|       control|        scalar|
|s_axi_control_WVALID   |   in|    1|       s_axi|       control|        scalar|
|s_axi_control_WREADY   |  out|    1|       s_axi|       control|        scalar|
|s_axi_control_WDATA    |   in|   32|       s_axi|       control|        scalar|
|s_axi_control_WSTRB    |   in|    4|       s_axi|       control|        scalar|
|s_axi_control_ARVALID  |   in|    1|       s_axi|       control|        scalar|
|s_axi_control_ARREADY  |  out|    1|       s_axi|       control|        scalar|
|s_axi_control_ARADDR   |   in|    7|       s_axi|       control|        scalar|
|s_axi_control_RVALID   |  out|    1|       s_axi|       control|        scalar|
|s_axi_control_RREADY   |   in|    1|       s_axi|       control|        scalar|
|s_axi_control_RDATA    |  out|   32|       s_axi|       control|        scalar|
|s_axi_control_RRESP    |  out|    2|       s_axi|       control|        scalar|
|s_axi_control_BVALID   |  out|    1|       s_axi|       control|        scalar|
|s_axi_control_BREADY   |   in|    1|       s_axi|       control|        scalar|
|s_axi_control_BRESP    |  out|    2|       s_axi|       control|        scalar|
|ap_clk                 |   in|    1|  ap_ctrl_hs|  kernel_3D_hw|  return value|
|ap_rst_n               |   in|    1|  ap_ctrl_hs|  kernel_3D_hw|  return value|
|interrupt              |  out|    1|  ap_ctrl_hs|  kernel_3D_hw|  return value|
|m_axi_gmem0_AWVALID    |  out|    1|       m_axi|         gmem0|       pointer|
|m_axi_gmem0_AWREADY    |   in|    1|       m_axi|         gmem0|       pointer|
|m_axi_gmem0_AWADDR     |  out|   64|       m_axi|         gmem0|       pointer|
|m_axi_gmem0_AWID       |  out|    1|       m_axi|         gmem0|       pointer|
|m_axi_gmem0_AWLEN      |  out|    8|       m_axi|         gmem0|       pointer|
|m_axi_gmem0_AWSIZE     |  out|    3|       m_axi|         gmem0|       pointer|
|m_axi_gmem0_AWBURST    |  out|    2|       m_axi|         gmem0|       pointer|
|m_axi_gmem0_AWLOCK     |  out|    2|       m_axi|         gmem0|       pointer|
|m_axi_gmem0_AWCACHE    |  out|    4|       m_axi|         gmem0|       pointer|
|m_axi_gmem0_AWPROT     |  out|    3|       m_axi|         gmem0|       pointer|
|m_axi_gmem0_AWQOS      |  out|    4|       m_axi|         gmem0|       pointer|
|m_axi_gmem0_AWREGION   |  out|    4|       m_axi|         gmem0|       pointer|
|m_axi_gmem0_AWUSER     |  out|    1|       m_axi|         gmem0|       pointer|
|m_axi_gmem0_WVALID     |  out|    1|       m_axi|         gmem0|       pointer|
|m_axi_gmem0_WREADY     |   in|    1|       m_axi|         gmem0|       pointer|
|m_axi_gmem0_WDATA      |  out|   32|       m_axi|         gmem0|       pointer|
|m_axi_gmem0_WSTRB      |  out|    4|       m_axi|         gmem0|       pointer|
|m_axi_gmem0_WLAST      |  out|    1|       m_axi|         gmem0|       pointer|
|m_axi_gmem0_WID        |  out|    1|       m_axi|         gmem0|       pointer|
|m_axi_gmem0_WUSER      |  out|    1|       m_axi|         gmem0|       pointer|
|m_axi_gmem0_ARVALID    |  out|    1|       m_axi|         gmem0|       pointer|
|m_axi_gmem0_ARREADY    |   in|    1|       m_axi|         gmem0|       pointer|
|m_axi_gmem0_ARADDR     |  out|   64|       m_axi|         gmem0|       pointer|
|m_axi_gmem0_ARID       |  out|    1|       m_axi|         gmem0|       pointer|
|m_axi_gmem0_ARLEN      |  out|    8|       m_axi|         gmem0|       pointer|
|m_axi_gmem0_ARSIZE     |  out|    3|       m_axi|         gmem0|       pointer|
|m_axi_gmem0_ARBURST    |  out|    2|       m_axi|         gmem0|       pointer|
|m_axi_gmem0_ARLOCK     |  out|    2|       m_axi|         gmem0|       pointer|
|m_axi_gmem0_ARCACHE    |  out|    4|       m_axi|         gmem0|       pointer|
|m_axi_gmem0_ARPROT     |  out|    3|       m_axi|         gmem0|       pointer|
|m_axi_gmem0_ARQOS      |  out|    4|       m_axi|         gmem0|       pointer|
|m_axi_gmem0_ARREGION   |  out|    4|       m_axi|         gmem0|       pointer|
|m_axi_gmem0_ARUSER     |  out|    1|       m_axi|         gmem0|       pointer|
|m_axi_gmem0_RVALID     |   in|    1|       m_axi|         gmem0|       pointer|
|m_axi_gmem0_RREADY     |  out|    1|       m_axi|         gmem0|       pointer|
|m_axi_gmem0_RDATA      |   in|   32|       m_axi|         gmem0|       pointer|
|m_axi_gmem0_RLAST      |   in|    1|       m_axi|         gmem0|       pointer|
|m_axi_gmem0_RID        |   in|    1|       m_axi|         gmem0|       pointer|
|m_axi_gmem0_RUSER      |   in|    1|       m_axi|         gmem0|       pointer|
|m_axi_gmem0_RRESP      |   in|    2|       m_axi|         gmem0|       pointer|
|m_axi_gmem0_BVALID     |   in|    1|       m_axi|         gmem0|       pointer|
|m_axi_gmem0_BREADY     |  out|    1|       m_axi|         gmem0|       pointer|
|m_axi_gmem0_BRESP      |   in|    2|       m_axi|         gmem0|       pointer|
|m_axi_gmem0_BID        |   in|    1|       m_axi|         gmem0|       pointer|
|m_axi_gmem0_BUSER      |   in|    1|       m_axi|         gmem0|       pointer|
|m_axi_gmem1_AWVALID    |  out|    1|       m_axi|         gmem1|       pointer|
|m_axi_gmem1_AWREADY    |   in|    1|       m_axi|         gmem1|       pointer|
|m_axi_gmem1_AWADDR     |  out|   64|       m_axi|         gmem1|       pointer|
|m_axi_gmem1_AWID       |  out|    1|       m_axi|         gmem1|       pointer|
|m_axi_gmem1_AWLEN      |  out|    8|       m_axi|         gmem1|       pointer|
|m_axi_gmem1_AWSIZE     |  out|    3|       m_axi|         gmem1|       pointer|
|m_axi_gmem1_AWBURST    |  out|    2|       m_axi|         gmem1|       pointer|
|m_axi_gmem1_AWLOCK     |  out|    2|       m_axi|         gmem1|       pointer|
|m_axi_gmem1_AWCACHE    |  out|    4|       m_axi|         gmem1|       pointer|
|m_axi_gmem1_AWPROT     |  out|    3|       m_axi|         gmem1|       pointer|
|m_axi_gmem1_AWQOS      |  out|    4|       m_axi|         gmem1|       pointer|
|m_axi_gmem1_AWREGION   |  out|    4|       m_axi|         gmem1|       pointer|
|m_axi_gmem1_AWUSER     |  out|    1|       m_axi|         gmem1|       pointer|
|m_axi_gmem1_WVALID     |  out|    1|       m_axi|         gmem1|       pointer|
|m_axi_gmem1_WREADY     |   in|    1|       m_axi|         gmem1|       pointer|
|m_axi_gmem1_WDATA      |  out|   32|       m_axi|         gmem1|       pointer|
|m_axi_gmem1_WSTRB      |  out|    4|       m_axi|         gmem1|       pointer|
|m_axi_gmem1_WLAST      |  out|    1|       m_axi|         gmem1|       pointer|
|m_axi_gmem1_WID        |  out|    1|       m_axi|         gmem1|       pointer|
|m_axi_gmem1_WUSER      |  out|    1|       m_axi|         gmem1|       pointer|
|m_axi_gmem1_ARVALID    |  out|    1|       m_axi|         gmem1|       pointer|
|m_axi_gmem1_ARREADY    |   in|    1|       m_axi|         gmem1|       pointer|
|m_axi_gmem1_ARADDR     |  out|   64|       m_axi|         gmem1|       pointer|
|m_axi_gmem1_ARID       |  out|    1|       m_axi|         gmem1|       pointer|
|m_axi_gmem1_ARLEN      |  out|    8|       m_axi|         gmem1|       pointer|
|m_axi_gmem1_ARSIZE     |  out|    3|       m_axi|         gmem1|       pointer|
|m_axi_gmem1_ARBURST    |  out|    2|       m_axi|         gmem1|       pointer|
|m_axi_gmem1_ARLOCK     |  out|    2|       m_axi|         gmem1|       pointer|
|m_axi_gmem1_ARCACHE    |  out|    4|       m_axi|         gmem1|       pointer|
|m_axi_gmem1_ARPROT     |  out|    3|       m_axi|         gmem1|       pointer|
|m_axi_gmem1_ARQOS      |  out|    4|       m_axi|         gmem1|       pointer|
|m_axi_gmem1_ARREGION   |  out|    4|       m_axi|         gmem1|       pointer|
|m_axi_gmem1_ARUSER     |  out|    1|       m_axi|         gmem1|       pointer|
|m_axi_gmem1_RVALID     |   in|    1|       m_axi|         gmem1|       pointer|
|m_axi_gmem1_RREADY     |  out|    1|       m_axi|         gmem1|       pointer|
|m_axi_gmem1_RDATA      |   in|   32|       m_axi|         gmem1|       pointer|
|m_axi_gmem1_RLAST      |   in|    1|       m_axi|         gmem1|       pointer|
|m_axi_gmem1_RID        |   in|    1|       m_axi|         gmem1|       pointer|
|m_axi_gmem1_RUSER      |   in|    1|       m_axi|         gmem1|       pointer|
|m_axi_gmem1_RRESP      |   in|    2|       m_axi|         gmem1|       pointer|
|m_axi_gmem1_BVALID     |   in|    1|       m_axi|         gmem1|       pointer|
|m_axi_gmem1_BREADY     |  out|    1|       m_axi|         gmem1|       pointer|
|m_axi_gmem1_BRESP      |   in|    2|       m_axi|         gmem1|       pointer|
|m_axi_gmem1_BID        |   in|    1|       m_axi|         gmem1|       pointer|
|m_axi_gmem1_BUSER      |   in|    1|       m_axi|         gmem1|       pointer|
|m_axi_gmem2_AWVALID    |  out|    1|       m_axi|         gmem2|       pointer|
|m_axi_gmem2_AWREADY    |   in|    1|       m_axi|         gmem2|       pointer|
|m_axi_gmem2_AWADDR     |  out|   64|       m_axi|         gmem2|       pointer|
|m_axi_gmem2_AWID       |  out|    1|       m_axi|         gmem2|       pointer|
|m_axi_gmem2_AWLEN      |  out|    8|       m_axi|         gmem2|       pointer|
|m_axi_gmem2_AWSIZE     |  out|    3|       m_axi|         gmem2|       pointer|
|m_axi_gmem2_AWBURST    |  out|    2|       m_axi|         gmem2|       pointer|
|m_axi_gmem2_AWLOCK     |  out|    2|       m_axi|         gmem2|       pointer|
|m_axi_gmem2_AWCACHE    |  out|    4|       m_axi|         gmem2|       pointer|
|m_axi_gmem2_AWPROT     |  out|    3|       m_axi|         gmem2|       pointer|
|m_axi_gmem2_AWQOS      |  out|    4|       m_axi|         gmem2|       pointer|
|m_axi_gmem2_AWREGION   |  out|    4|       m_axi|         gmem2|       pointer|
|m_axi_gmem2_AWUSER     |  out|    1|       m_axi|         gmem2|       pointer|
|m_axi_gmem2_WVALID     |  out|    1|       m_axi|         gmem2|       pointer|
|m_axi_gmem2_WREADY     |   in|    1|       m_axi|         gmem2|       pointer|
|m_axi_gmem2_WDATA      |  out|   32|       m_axi|         gmem2|       pointer|
|m_axi_gmem2_WSTRB      |  out|    4|       m_axi|         gmem2|       pointer|
|m_axi_gmem2_WLAST      |  out|    1|       m_axi|         gmem2|       pointer|
|m_axi_gmem2_WID        |  out|    1|       m_axi|         gmem2|       pointer|
|m_axi_gmem2_WUSER      |  out|    1|       m_axi|         gmem2|       pointer|
|m_axi_gmem2_ARVALID    |  out|    1|       m_axi|         gmem2|       pointer|
|m_axi_gmem2_ARREADY    |   in|    1|       m_axi|         gmem2|       pointer|
|m_axi_gmem2_ARADDR     |  out|   64|       m_axi|         gmem2|       pointer|
|m_axi_gmem2_ARID       |  out|    1|       m_axi|         gmem2|       pointer|
|m_axi_gmem2_ARLEN      |  out|    8|       m_axi|         gmem2|       pointer|
|m_axi_gmem2_ARSIZE     |  out|    3|       m_axi|         gmem2|       pointer|
|m_axi_gmem2_ARBURST    |  out|    2|       m_axi|         gmem2|       pointer|
|m_axi_gmem2_ARLOCK     |  out|    2|       m_axi|         gmem2|       pointer|
|m_axi_gmem2_ARCACHE    |  out|    4|       m_axi|         gmem2|       pointer|
|m_axi_gmem2_ARPROT     |  out|    3|       m_axi|         gmem2|       pointer|
|m_axi_gmem2_ARQOS      |  out|    4|       m_axi|         gmem2|       pointer|
|m_axi_gmem2_ARREGION   |  out|    4|       m_axi|         gmem2|       pointer|
|m_axi_gmem2_ARUSER     |  out|    1|       m_axi|         gmem2|       pointer|
|m_axi_gmem2_RVALID     |   in|    1|       m_axi|         gmem2|       pointer|
|m_axi_gmem2_RREADY     |  out|    1|       m_axi|         gmem2|       pointer|
|m_axi_gmem2_RDATA      |   in|   32|       m_axi|         gmem2|       pointer|
|m_axi_gmem2_RLAST      |   in|    1|       m_axi|         gmem2|       pointer|
|m_axi_gmem2_RID        |   in|    1|       m_axi|         gmem2|       pointer|
|m_axi_gmem2_RUSER      |   in|    1|       m_axi|         gmem2|       pointer|
|m_axi_gmem2_RRESP      |   in|    2|       m_axi|         gmem2|       pointer|
|m_axi_gmem2_BVALID     |   in|    1|       m_axi|         gmem2|       pointer|
|m_axi_gmem2_BREADY     |  out|    1|       m_axi|         gmem2|       pointer|
|m_axi_gmem2_BRESP      |   in|    2|       m_axi|         gmem2|       pointer|
|m_axi_gmem2_BID        |   in|    1|       m_axi|         gmem2|       pointer|
|m_axi_gmem2_BUSER      |   in|    1|       m_axi|         gmem2|       pointer|
|amb_temp               |   in|   32|     ap_none|      amb_temp|        scalar|
+-----------------------+-----+-----+------------+--------------+--------------+

